Copyright 1986-2022 Xilinx, Inc. All Rights Reserved.
-----------------------------------------------------------------------------------------------------------------------------
| Tool Version : Vivado v.2022.2 (lin64) Build 3671981 Fri Oct 14 04:59:54 MDT 2022
| Date         : Tue Aug  6 18:09:42 2024
| Host         : e16fpga01 running 64-bit Ubuntu 22.04.4 LTS
| Command      : report_utilization -file top_block_wrapper_utilization_synth.rpt -pb top_block_wrapper_utilization_synth.pb
| Design       : top_block_wrapper
| Device       : xcau15p-sbvb484-1-i
| Speed File   : -1
| Design State : Synthesized
-----------------------------------------------------------------------------------------------------------------------------

Utilization Design Information

Table of Contents
-----------------
1. CLB Logic
1.1 Summary of Registers by Type
2. BLOCKRAM
3. ARITHMETIC
4. I/O
5. CLOCK
6. ADVANCED
7. CONFIGURATION
8. Primitives
9. Black Boxes
10. Instantiated Netlists

1. CLB Logic
------------

+-------------------------+------+-------+------------+-----------+-------+
|        Site Type        | Used | Fixed | Prohibited | Available | Util% |
+-------------------------+------+-------+------------+-----------+-------+
| CLB LUTs*               |    0 |     0 |          0 |     77760 |  0.00 |
|   LUT as Logic          |    0 |     0 |          0 |     77760 |  0.00 |
|   LUT as Memory         |    0 |     0 |          0 |     40320 |  0.00 |
| CLB Registers           |    0 |     0 |          0 |    155520 |  0.00 |
|   Register as Flip Flop |    0 |     0 |          0 |    155520 |  0.00 |
|   Register as Latch     |    0 |     0 |          0 |    155520 |  0.00 |
| CARRY8                  |    0 |     0 |          0 |      9720 |  0.00 |
| F7 Muxes                |    0 |     0 |          0 |     38880 |  0.00 |
| F8 Muxes                |    0 |     0 |          0 |     19440 |  0.00 |
| F9 Muxes                |    0 |     0 |          0 |      9720 |  0.00 |
+-------------------------+------+-------+------------+-----------+-------+
* Warning! The Final LUT count, after physical optimizations and full implementation, is typically lower. Run opt_design after synthesis, if not already completed, for a more realistic count.
Warning! LUT value is adjusted to account for LUT combining.


1.1 Summary of Registers by Type
--------------------------------

+-------+--------------+-------------+--------------+
| Total | Clock Enable | Synchronous | Asynchronous |
+-------+--------------+-------------+--------------+
| 0     |            _ |           - |            - |
| 0     |            _ |           - |          Set |
| 0     |            _ |           - |        Reset |
| 0     |            _ |         Set |            - |
| 0     |            _ |       Reset |            - |
| 0     |          Yes |           - |            - |
| 0     |          Yes |           - |          Set |
| 0     |          Yes |           - |        Reset |
| 0     |          Yes |         Set |            - |
| 0     |          Yes |       Reset |            - |
+-------+--------------+-------------+--------------+


2. BLOCKRAM
-----------

+----------------+------+-------+------------+-----------+-------+
|    Site Type   | Used | Fixed | Prohibited | Available | Util% |
+----------------+------+-------+------------+-----------+-------+
| Block RAM Tile |    0 |     0 |          0 |       144 |  0.00 |
|   RAMB36/FIFO* |    0 |     0 |          0 |       144 |  0.00 |
|   RAMB18       |    0 |     0 |          0 |       288 |  0.00 |
+----------------+------+-------+------------+-----------+-------+
* Note: Each Block RAM Tile only has one FIFO logic available and therefore can accommodate only one FIFO36E2 or one FIFO18E2. However, if a FIFO18E2 occupies a Block RAM Tile, that tile can still accommodate a RAMB18E2


3. ARITHMETIC
-------------

+-----------+------+-------+------------+-----------+-------+
| Site Type | Used | Fixed | Prohibited | Available | Util% |
+-----------+------+-------+------------+-----------+-------+
| DSPs      |    0 |     0 |          0 |       576 |  0.00 |
+-----------+------+-------+------------+-----------+-------+


4. I/O
------

+------------+------+-------+------------+-----------+-------+
|  Site Type | Used | Fixed | Prohibited | Available | Util% |
+------------+------+-------+------------+-----------+-------+
| Bonded IOB |   30 |     0 |          0 |       204 | 14.71 |
+------------+------+-------+------------+-----------+-------+


5. CLOCK
--------

+----------------------+------+-------+------------+-----------+-------+
|       Site Type      | Used | Fixed | Prohibited | Available | Util% |
+----------------------+------+-------+------------+-----------+-------+
| GLOBAL CLOCK BUFFERs |    0 |     0 |          0 |       192 |  0.00 |
|   BUFGCE             |    0 |     0 |          0 |        84 |  0.00 |
|   BUFGCE_DIV         |    0 |     0 |          0 |        12 |  0.00 |
|   BUFG_GT            |    0 |     0 |          0 |        72 |  0.00 |
|   BUFGCTRL*          |    0 |     0 |          0 |        24 |  0.00 |
| PLL                  |    0 |     0 |          0 |         6 |  0.00 |
| MMCM                 |    0 |     0 |          0 |         3 |  0.00 |
+----------------------+------+-------+------------+-----------+-------+
* Note: Each used BUFGCTRL counts as two GLOBAL CLOCK BUFFERs. This table does not include global clocking resources, only buffer cell usage. See the Clock Utilization Report (report_clock_utilization) for detailed accounting of global clocking resource availability.


6. ADVANCED
-----------

+-----------------+------+-------+------------+-----------+-------+
|    Site Type    | Used | Fixed | Prohibited | Available | Util% |
+-----------------+------+-------+------------+-----------+-------+
| GTHE4_CHANNEL   |    0 |     0 |          0 |        12 |  0.00 |
| GTHE4_COMMON    |    0 |     0 |          0 |         3 |  0.00 |
| OBUFDS_GTE4     |    0 |     0 |          0 |         6 |  0.00 |
| OBUFDS_GTE4_ADV |    0 |     0 |          0 |         6 |  0.00 |
| PCIE4CE4        |    0 |     0 |          0 |         1 |  0.00 |
| SYSMONE4        |    0 |     0 |          0 |         1 |  0.00 |
+-----------------+------+-------+------------+-----------+-------+


7. CONFIGURATION
----------------

+-------------+------+-------+------------+-----------+-------+
|  Site Type  | Used | Fixed | Prohibited | Available | Util% |
+-------------+------+-------+------------+-----------+-------+
| BSCANE2     |    0 |     0 |          0 |         4 |  0.00 |
| DNA_PORTE2  |    0 |     0 |          0 |         1 |  0.00 |
| EFUSE_USR   |    0 |     0 |          0 |         1 |  0.00 |
| FRAME_ECCE4 |    0 |     0 |          0 |         1 |  0.00 |
| ICAPE3      |    0 |     0 |          0 |         2 |  0.00 |
| MASTER_JTAG |    0 |     0 |          0 |         1 |  0.00 |
| STARTUPE3   |    0 |     0 |          0 |         1 |  0.00 |
+-------------+------+-------+------------+-----------+-------+


8. Primitives
-------------

+----------+------+---------------------+
| Ref Name | Used | Functional Category |
+----------+------+---------------------+
| INBUF    |   17 |                 I/O |
| IBUFCTRL |   17 |              Others |
| OBUF     |   13 |                 I/O |
+----------+------+---------------------+


9. Black Boxes
--------------

+------------------------------------+------+
|              Ref Name              | Used |
+------------------------------------+------+
| top_block_xpm_cdc_gen_0_0          |    1 |
| top_block_xbar_1                   |    1 |
| top_block_vio_0_0                  |    1 |
| top_block_util_vector_logic_3_0    |    1 |
| top_block_util_vector_logic_2_1    |    1 |
| top_block_util_vector_logic_2_0    |    1 |
| top_block_util_vector_logic_1_2    |    1 |
| top_block_util_vector_logic_1_1    |    1 |
| top_block_util_vector_logic_1_0    |    1 |
| top_block_util_vector_logic_0_3    |    1 |
| top_block_util_vector_logic_0_2    |    1 |
| top_block_util_vector_logic_0_1    |    1 |
| top_block_util_vector_logic_0_0    |    1 |
| top_block_util_ds_buf_4_0          |    1 |
| top_block_util_ds_buf_3_0          |    1 |
| top_block_util_ds_buf_2_0          |    1 |
| top_block_util_ds_buf_1_1          |    1 |
| top_block_util_ds_buf_1_0          |    1 |
| top_block_util_ds_buf_0_1          |    1 |
| top_block_util_ds_buf_0_0          |    1 |
| top_block_u_led_inst_0_0           |    1 |
| top_block_rst_clk_wiz_0_40M_3      |    1 |
| top_block_rst_clk_wiz_0_125M_0     |    1 |
| top_block_reg_switch_0_0           |    1 |
| top_block_native_to_axi_lite_v_0_0 |    1 |
| top_block_mii_initializer_0_0      |    1 |
| top_block_gig_ethernet_pcs_pma_0_0 |    1 |
| top_block_fakernet_top_0_0         |    1 |
| top_block_data_gen_user_0_0        |    1 |
| top_block_clk_wiz_2_0              |    1 |
| top_block_clk_wiz_1_0              |    1 |
| top_block_clk_wiz_0_0              |    1 |
| top_block_blk_mem_gen_0_0          |    1 |
| top_block_axi_iic_0_0              |    1 |
| top_block_axi_bram_ctrl_1_0        |    1 |
| top_block_axi_bram_ctrl_0_0        |    1 |
| top_block_SAMPA_PON_v1_0_0_0       |    1 |
| top_block_RESET_INST_0_0           |    1 |
| top_block_LED_REG_READ_SEPARAT_1_0 |    1 |
| top_block_LED_REG_READ_SEPARAT_0_0 |    1 |
| top_block_I2C_Controller_v1_0_0_1  |    1 |
+------------------------------------+------+


10. Instantiated Netlists
-------------------------

+----------+------+
| Ref Name | Used |
+----------+------+


