
*** Running vivado
    with args -log top_block_axi_bram_ctrl_1_0.vds -m64 -product Vivado -mode batch -messageDb vivado.pb -notrace -source top_block_axi_bram_ctrl_1_0.tcl


****** Vivado v2022.2 (64-bit)
  **** SW Build 3671981 on Fri Oct 14 04:59:54 MDT 2022
  **** IP Build 3669848 on Fri Oct 14 08:30:02 MDT 2022
    ** Copyright 1986-2022 Xilinx, Inc. All Rights Reserved.

source top_block_axi_bram_ctrl_1_0.tcl -notrace
INFO: [IP_Flow 19-6924] IPCACHE: Running cache check for IP inst: top_block_axi_bram_ctrl_1_0
Command: synth_design -top top_block_axi_bram_ctrl_1_0 -part xcau15p-sbvb484-1-i -incremental_mode off -mode out_of_context
Starting synth_design
Attempting to get a license for feature 'Synthesis' and/or device 'xcau15p'
INFO: [Common 17-349] Got license for feature 'Synthesis' and/or device 'xcau15p'
INFO: [Device 21-403] Loading part xcau15p-sbvb484-1-i
INFO: [Synth 8-7079] Multithreading enabled for synth_design using a maximum of 4 processes.
INFO: [Synth 8-7078] Launching helper process for spawning children vivado processes
INFO: [Synth 8-7075] Helper process launched with PID 936297
INFO: [Synth 8-11241] undeclared symbol 'REGCCE', assumed default net type 'wire' [/opt/Xilinx/Vivado/2022.2/data/verilog/src/unimacro/BRAM_SINGLE_MACRO.v:2170]
---------------------------------------------------------------------------------
Starting RTL Elaboration : Time (s): cpu = 00:00:02 ; elapsed = 00:00:02 . Memory (MB): peak = 2147.031 ; gain = 362.758 ; free physical = 12167 ; free virtual = 35051
Synthesis current peak Physical Memory [PSS] (MB): peak = 1365.367; parent = 1233.948; children = 131.419
Synthesis current peak Virtual Memory [VSS] (MB): peak = 3121.477; parent = 2152.973; children = 968.504
---------------------------------------------------------------------------------
INFO: [Synth 8-638] synthesizing module 'top_block_axi_bram_ctrl_1_0' [/home/nagafusa/work/spadi/Fakernet/SAMIDARE/samidare.gen/sources_1/bd/top_block/ip/top_block_axi_bram_ctrl_1_0/synth/top_block_axi_bram_ctrl_1_0.vhd:92]
	Parameter C_BRAM_INST_MODE bound to: EXTERNAL - type: string 
	Parameter C_MEMORY_DEPTH bound to: 16384 - type: integer 
	Parameter C_BRAM_ADDR_WIDTH bound to: 14 - type: integer 
	Parameter C_S_AXI_ADDR_WIDTH bound to: 16 - type: integer 
	Parameter C_S_AXI_DATA_WIDTH bound to: 32 - type: integer 
	Parameter C_S_AXI_ID_WIDTH bound to: 1 - type: integer 
	Parameter C_S_AXI_PROTOCOL bound to: AXI4LITE - type: string 
	Parameter C_S_AXI_SUPPORTS_NARROW_BURST bound to: 0 - type: integer 
	Parameter C_SINGLE_PORT_BRAM bound to: 1 - type: integer 
	Parameter C_FAMILY bound to: kintexuplus - type: string 
	Parameter C_READ_LATENCY bound to: 1 - type: integer 
	Parameter C_RD_CMD_OPTIMIZATION bound to: 0 - type: integer 
	Parameter C_S_AXI_CTRL_ADDR_WIDTH bound to: 32 - type: integer 
	Parameter C_S_AXI_CTRL_DATA_WIDTH bound to: 32 - type: integer 
	Parameter C_ECC bound to: 0 - type: integer 
	Parameter C_ECC_TYPE bound to: 0 - type: integer 
	Parameter C_FAULT_INJECT bound to: 0 - type: integer 
	Parameter C_ECC_ONOFF_RESET_VALUE bound to: 0 - type: integer 
INFO: [Synth 8-3491] module 'axi_bram_ctrl' declared at '/home/nagafusa/work/spadi/Fakernet/SAMIDARE/samidare.gen/sources_1/bd/top_block/ipshared/f80b/hdl/axi_bram_ctrl_v4_1_rfs.vhd:31357' bound to instance 'U0' of component 'axi_bram_ctrl' [/home/nagafusa/work/spadi/Fakernet/SAMIDARE/samidare.gen/sources_1/bd/top_block/ip/top_block_axi_bram_ctrl_1_0/synth/top_block_axi_bram_ctrl_1_0.vhd:231]
INFO: [Synth 8-638] synthesizing module 'axi_bram_ctrl' [/home/nagafusa/work/spadi/Fakernet/SAMIDARE/samidare.gen/sources_1/bd/top_block/ipshared/f80b/hdl/axi_bram_ctrl_v4_1_rfs.vhd:31528]
INFO: [Synth 8-638] synthesizing module 'axi_bram_ctrl_top' [/home/nagafusa/work/spadi/Fakernet/SAMIDARE/samidare.gen/sources_1/bd/top_block/ipshared/f80b/hdl/axi_bram_ctrl_v4_1_rfs.vhd:30527]
INFO: [Synth 8-638] synthesizing module 'axi_lite' [/home/nagafusa/work/spadi/Fakernet/SAMIDARE/samidare.gen/sources_1/bd/top_block/ipshared/f80b/hdl/axi_bram_ctrl_v4_1_rfs.vhd:6841]
INFO: [Synth 8-256] done synthesizing module 'axi_lite' (0#1) [/home/nagafusa/work/spadi/Fakernet/SAMIDARE/samidare.gen/sources_1/bd/top_block/ipshared/f80b/hdl/axi_bram_ctrl_v4_1_rfs.vhd:6841]
INFO: [Synth 8-256] done synthesizing module 'axi_bram_ctrl_top' (0#1) [/home/nagafusa/work/spadi/Fakernet/SAMIDARE/samidare.gen/sources_1/bd/top_block/ipshared/f80b/hdl/axi_bram_ctrl_v4_1_rfs.vhd:30527]
INFO: [Synth 8-256] done synthesizing module 'axi_bram_ctrl' (0#1) [/home/nagafusa/work/spadi/Fakernet/SAMIDARE/samidare.gen/sources_1/bd/top_block/ipshared/f80b/hdl/axi_bram_ctrl_v4_1_rfs.vhd:31528]
INFO: [Synth 8-256] done synthesizing module 'top_block_axi_bram_ctrl_1_0' (0#1) [/home/nagafusa/work/spadi/Fakernet/SAMIDARE/samidare.gen/sources_1/bd/top_block/ip/top_block_axi_bram_ctrl_1_0/synth/top_block_axi_bram_ctrl_1_0.vhd:92]
WARNING: [Synth 8-6014] Unused sequential element GEN_NO_RD_CMD_OPT.axi_arready_reg_reg was removed.  [/home/nagafusa/work/spadi/Fakernet/SAMIDARE/samidare.gen/sources_1/bd/top_block/ipshared/f80b/hdl/axi_bram_ctrl_v4_1_rfs.vhd:8429]
WARNING: [Synth 8-6014] Unused sequential element GEN_NO_RD_CMD_OPT.axi_rvalid_set_r_reg was removed.  [/home/nagafusa/work/spadi/Fakernet/SAMIDARE/samidare.gen/sources_1/bd/top_block/ipshared/f80b/hdl/axi_bram_ctrl_v4_1_rfs.vhd:8430]
WARNING: [Synth 8-6014] Unused sequential element GEN_NO_RD_CMD_OPT.axi_rlast_set_r_reg was removed.  [/home/nagafusa/work/spadi/Fakernet/SAMIDARE/samidare.gen/sources_1/bd/top_block/ipshared/f80b/hdl/axi_bram_ctrl_v4_1_rfs.vhd:8431]
WARNING: [Synth 8-7129] Port AXI_AWADDR[1] in module axi_lite is either unconnected or has no load
WARNING: [Synth 8-7129] Port AXI_AWADDR[0] in module axi_lite is either unconnected or has no load
WARNING: [Synth 8-7129] Port AXI_ARADDR[1] in module axi_lite is either unconnected or has no load
WARNING: [Synth 8-7129] Port AXI_ARADDR[0] in module axi_lite is either unconnected or has no load
WARNING: [Synth 8-7129] Port AXI_CTRL_AWVALID in module axi_lite is either unconnected or has no load
WARNING: [Synth 8-7129] Port AXI_CTRL_AWADDR[31] in module axi_lite is either unconnected or has no load
WARNING: [Synth 8-7129] Port AXI_CTRL_AWADDR[30] in module axi_lite is either unconnected or has no load
WARNING: [Synth 8-7129] Port AXI_CTRL_AWADDR[29] in module axi_lite is either unconnected or has no load
WARNING: [Synth 8-7129] Port AXI_CTRL_AWADDR[28] in module axi_lite is either unconnected or has no load
WARNING: [Synth 8-7129] Port AXI_CTRL_AWADDR[27] in module axi_lite is either unconnected or has no load
WARNING: [Synth 8-7129] Port AXI_CTRL_AWADDR[26] in module axi_lite is either unconnected or has no load
WARNING: [Synth 8-7129] Port AXI_CTRL_AWADDR[25] in module axi_lite is either unconnected or has no load
WARNING: [Synth 8-7129] Port AXI_CTRL_AWADDR[24] in module axi_lite is either unconnected or has no load
WARNING: [Synth 8-7129] Port AXI_CTRL_AWADDR[23] in module axi_lite is either unconnected or has no load
WARNING: [Synth 8-7129] Port AXI_CTRL_AWADDR[22] in module axi_lite is either unconnected or has no load
WARNING: [Synth 8-7129] Port AXI_CTRL_AWADDR[21] in module axi_lite is either unconnected or has no load
WARNING: [Synth 8-7129] Port AXI_CTRL_AWADDR[20] in module axi_lite is either unconnected or has no load
WARNING: [Synth 8-7129] Port AXI_CTRL_AWADDR[19] in module axi_lite is either unconnected or has no load
WARNING: [Synth 8-7129] Port AXI_CTRL_AWADDR[18] in module axi_lite is either unconnected or has no load
WARNING: [Synth 8-7129] Port AXI_CTRL_AWADDR[17] in module axi_lite is either unconnected or has no load
WARNING: [Synth 8-7129] Port AXI_CTRL_AWADDR[16] in module axi_lite is either unconnected or has no load
WARNING: [Synth 8-7129] Port AXI_CTRL_AWADDR[15] in module axi_lite is either unconnected or has no load
WARNING: [Synth 8-7129] Port AXI_CTRL_AWADDR[14] in module axi_lite is either unconnected or has no load
WARNING: [Synth 8-7129] Port AXI_CTRL_AWADDR[13] in module axi_lite is either unconnected or has no load
WARNING: [Synth 8-7129] Port AXI_CTRL_AWADDR[12] in module axi_lite is either unconnected or has no load
WARNING: [Synth 8-7129] Port AXI_CTRL_AWADDR[11] in module axi_lite is either unconnected or has no load
WARNING: [Synth 8-7129] Port AXI_CTRL_AWADDR[10] in module axi_lite is either unconnected or has no load
WARNING: [Synth 8-7129] Port AXI_CTRL_AWADDR[9] in module axi_lite is either unconnected or has no load
WARNING: [Synth 8-7129] Port AXI_CTRL_AWADDR[8] in module axi_lite is either unconnected or has no load
WARNING: [Synth 8-7129] Port AXI_CTRL_AWADDR[7] in module axi_lite is either unconnected or has no load
WARNING: [Synth 8-7129] Port AXI_CTRL_AWADDR[6] in module axi_lite is either unconnected or has no load
WARNING: [Synth 8-7129] Port AXI_CTRL_AWADDR[5] in module axi_lite is either unconnected or has no load
WARNING: [Synth 8-7129] Port AXI_CTRL_AWADDR[4] in module axi_lite is either unconnected or has no load
WARNING: [Synth 8-7129] Port AXI_CTRL_AWADDR[3] in module axi_lite is either unconnected or has no load
WARNING: [Synth 8-7129] Port AXI_CTRL_AWADDR[2] in module axi_lite is either unconnected or has no load
WARNING: [Synth 8-7129] Port AXI_CTRL_AWADDR[1] in module axi_lite is either unconnected or has no load
WARNING: [Synth 8-7129] Port AXI_CTRL_AWADDR[0] in module axi_lite is either unconnected or has no load
WARNING: [Synth 8-7129] Port AXI_CTRL_WDATA[31] in module axi_lite is either unconnected or has no load
WARNING: [Synth 8-7129] Port AXI_CTRL_WDATA[30] in module axi_lite is either unconnected or has no load
WARNING: [Synth 8-7129] Port AXI_CTRL_WDATA[29] in module axi_lite is either unconnected or has no load
WARNING: [Synth 8-7129] Port AXI_CTRL_WDATA[28] in module axi_lite is either unconnected or has no load
WARNING: [Synth 8-7129] Port AXI_CTRL_WDATA[27] in module axi_lite is either unconnected or has no load
WARNING: [Synth 8-7129] Port AXI_CTRL_WDATA[26] in module axi_lite is either unconnected or has no load
WARNING: [Synth 8-7129] Port AXI_CTRL_WDATA[25] in module axi_lite is either unconnected or has no load
WARNING: [Synth 8-7129] Port AXI_CTRL_WDATA[24] in module axi_lite is either unconnected or has no load
WARNING: [Synth 8-7129] Port AXI_CTRL_WDATA[23] in module axi_lite is either unconnected or has no load
WARNING: [Synth 8-7129] Port AXI_CTRL_WDATA[22] in module axi_lite is either unconnected or has no load
WARNING: [Synth 8-7129] Port AXI_CTRL_WDATA[21] in module axi_lite is either unconnected or has no load
WARNING: [Synth 8-7129] Port AXI_CTRL_WDATA[20] in module axi_lite is either unconnected or has no load
WARNING: [Synth 8-7129] Port AXI_CTRL_WDATA[19] in module axi_lite is either unconnected or has no load
WARNING: [Synth 8-7129] Port AXI_CTRL_WDATA[18] in module axi_lite is either unconnected or has no load
WARNING: [Synth 8-7129] Port AXI_CTRL_WDATA[17] in module axi_lite is either unconnected or has no load
WARNING: [Synth 8-7129] Port AXI_CTRL_WDATA[16] in module axi_lite is either unconnected or has no load
WARNING: [Synth 8-7129] Port AXI_CTRL_WDATA[15] in module axi_lite is either unconnected or has no load
WARNING: [Synth 8-7129] Port AXI_CTRL_WDATA[14] in module axi_lite is either unconnected or has no load
WARNING: [Synth 8-7129] Port AXI_CTRL_WDATA[13] in module axi_lite is either unconnected or has no load
WARNING: [Synth 8-7129] Port AXI_CTRL_WDATA[12] in module axi_lite is either unconnected or has no load
WARNING: [Synth 8-7129] Port AXI_CTRL_WDATA[11] in module axi_lite is either unconnected or has no load
WARNING: [Synth 8-7129] Port AXI_CTRL_WDATA[10] in module axi_lite is either unconnected or has no load
WARNING: [Synth 8-7129] Port AXI_CTRL_WDATA[9] in module axi_lite is either unconnected or has no load
WARNING: [Synth 8-7129] Port AXI_CTRL_WDATA[8] in module axi_lite is either unconnected or has no load
WARNING: [Synth 8-7129] Port AXI_CTRL_WDATA[7] in module axi_lite is either unconnected or has no load
WARNING: [Synth 8-7129] Port AXI_CTRL_WDATA[6] in module axi_lite is either unconnected or has no load
WARNING: [Synth 8-7129] Port AXI_CTRL_WDATA[5] in module axi_lite is either unconnected or has no load
WARNING: [Synth 8-7129] Port AXI_CTRL_WDATA[4] in module axi_lite is either unconnected or has no load
WARNING: [Synth 8-7129] Port AXI_CTRL_WDATA[3] in module axi_lite is either unconnected or has no load
WARNING: [Synth 8-7129] Port AXI_CTRL_WDATA[2] in module axi_lite is either unconnected or has no load
WARNING: [Synth 8-7129] Port AXI_CTRL_WDATA[1] in module axi_lite is either unconnected or has no load
WARNING: [Synth 8-7129] Port AXI_CTRL_WDATA[0] in module axi_lite is either unconnected or has no load
WARNING: [Synth 8-7129] Port AXI_CTRL_WVALID in module axi_lite is either unconnected or has no load
WARNING: [Synth 8-7129] Port AXI_CTRL_BREADY in module axi_lite is either unconnected or has no load
WARNING: [Synth 8-7129] Port AXI_CTRL_ARADDR[31] in module axi_lite is either unconnected or has no load
WARNING: [Synth 8-7129] Port AXI_CTRL_ARADDR[30] in module axi_lite is either unconnected or has no load
WARNING: [Synth 8-7129] Port AXI_CTRL_ARADDR[29] in module axi_lite is either unconnected or has no load
WARNING: [Synth 8-7129] Port AXI_CTRL_ARADDR[28] in module axi_lite is either unconnected or has no load
WARNING: [Synth 8-7129] Port AXI_CTRL_ARADDR[27] in module axi_lite is either unconnected or has no load
WARNING: [Synth 8-7129] Port AXI_CTRL_ARADDR[26] in module axi_lite is either unconnected or has no load
WARNING: [Synth 8-7129] Port AXI_CTRL_ARADDR[25] in module axi_lite is either unconnected or has no load
WARNING: [Synth 8-7129] Port AXI_CTRL_ARADDR[24] in module axi_lite is either unconnected or has no load
WARNING: [Synth 8-7129] Port AXI_CTRL_ARADDR[23] in module axi_lite is either unconnected or has no load
WARNING: [Synth 8-7129] Port AXI_CTRL_ARADDR[22] in module axi_lite is either unconnected or has no load
WARNING: [Synth 8-7129] Port AXI_CTRL_ARADDR[21] in module axi_lite is either unconnected or has no load
WARNING: [Synth 8-7129] Port AXI_CTRL_ARADDR[20] in module axi_lite is either unconnected or has no load
WARNING: [Synth 8-7129] Port AXI_CTRL_ARADDR[19] in module axi_lite is either unconnected or has no load
WARNING: [Synth 8-7129] Port AXI_CTRL_ARADDR[18] in module axi_lite is either unconnected or has no load
WARNING: [Synth 8-7129] Port AXI_CTRL_ARADDR[17] in module axi_lite is either unconnected or has no load
WARNING: [Synth 8-7129] Port AXI_CTRL_ARADDR[16] in module axi_lite is either unconnected or has no load
WARNING: [Synth 8-7129] Port AXI_CTRL_ARADDR[15] in module axi_lite is either unconnected or has no load
WARNING: [Synth 8-7129] Port AXI_CTRL_ARADDR[14] in module axi_lite is either unconnected or has no load
WARNING: [Synth 8-7129] Port AXI_CTRL_ARADDR[13] in module axi_lite is either unconnected or has no load
WARNING: [Synth 8-7129] Port AXI_CTRL_ARADDR[12] in module axi_lite is either unconnected or has no load
WARNING: [Synth 8-7129] Port AXI_CTRL_ARADDR[11] in module axi_lite is either unconnected or has no load
WARNING: [Synth 8-7129] Port AXI_CTRL_ARADDR[10] in module axi_lite is either unconnected or has no load
WARNING: [Synth 8-7129] Port AXI_CTRL_ARADDR[9] in module axi_lite is either unconnected or has no load
WARNING: [Synth 8-7129] Port AXI_CTRL_ARADDR[8] in module axi_lite is either unconnected or has no load
WARNING: [Synth 8-7129] Port AXI_CTRL_ARADDR[7] in module axi_lite is either unconnected or has no load
WARNING: [Synth 8-7129] Port AXI_CTRL_ARADDR[6] in module axi_lite is either unconnected or has no load
WARNING: [Synth 8-7129] Port AXI_CTRL_ARADDR[5] in module axi_lite is either unconnected or has no load
WARNING: [Synth 8-7129] Port AXI_CTRL_ARADDR[4] in module axi_lite is either unconnected or has no load
WARNING: [Synth 8-7129] Port AXI_CTRL_ARADDR[3] in module axi_lite is either unconnected or has no load
INFO: [Common 17-14] Message 'Synth 8-7129' appears 100 times and further instances of the messages will be disabled. Use the Tcl command set_msg_config to change the current settings.
---------------------------------------------------------------------------------
Finished RTL Elaboration : Time (s): cpu = 00:00:03 ; elapsed = 00:00:03 . Memory (MB): peak = 2227.938 ; gain = 443.664 ; free physical = 12375 ; free virtual = 35262
Synthesis current peak Physical Memory [PSS] (MB): peak = 1365.367; parent = 1233.948; children = 131.419
Synthesis current peak Virtual Memory [VSS] (MB): peak = 3196.445; parent = 2227.941; children = 968.504
---------------------------------------------------------------------------------
---------------------------------------------------------------------------------
Start Handling Custom Attributes
---------------------------------------------------------------------------------
---------------------------------------------------------------------------------
Finished Handling Custom Attributes : Time (s): cpu = 00:00:03 ; elapsed = 00:00:03 . Memory (MB): peak = 2245.750 ; gain = 461.477 ; free physical = 12364 ; free virtual = 35251
Synthesis current peak Physical Memory [PSS] (MB): peak = 1365.367; parent = 1233.948; children = 131.419
Synthesis current peak Virtual Memory [VSS] (MB): peak = 3214.258; parent = 2245.754; children = 968.504
---------------------------------------------------------------------------------
---------------------------------------------------------------------------------
Finished RTL Optimization Phase 1 : Time (s): cpu = 00:00:03 ; elapsed = 00:00:03 . Memory (MB): peak = 2245.750 ; gain = 461.477 ; free physical = 12346 ; free virtual = 35233
Synthesis current peak Physical Memory [PSS] (MB): peak = 1365.367; parent = 1233.948; children = 131.419
Synthesis current peak Virtual Memory [VSS] (MB): peak = 3214.258; parent = 2245.754; children = 968.504
---------------------------------------------------------------------------------
Netlist sorting complete. Time (s): cpu = 00:00:00 ; elapsed = 00:00:00 . Memory (MB): peak = 2245.750 ; gain = 0.000 ; free physical = 12316 ; free virtual = 35203
INFO: [Project 1-570] Preparing netlist for logic optimization

Processing XDC Constraints
Initializing timing engine
Parsing XDC File [/home/nagafusa/work/spadi/Fakernet/SAMIDARE/samidare.gen/sources_1/bd/top_block/ip/top_block_axi_bram_ctrl_1_0/top_block_axi_bram_ctrl_1_0_ooc.xdc] for cell 'U0'
Finished Parsing XDC File [/home/nagafusa/work/spadi/Fakernet/SAMIDARE/samidare.gen/sources_1/bd/top_block/ip/top_block_axi_bram_ctrl_1_0/top_block_axi_bram_ctrl_1_0_ooc.xdc] for cell 'U0'
Parsing XDC File [/home/nagafusa/work/spadi/Fakernet/SAMIDARE/samidare.runs/top_block_axi_bram_ctrl_1_0_synth_1/dont_touch.xdc]
Finished Parsing XDC File [/home/nagafusa/work/spadi/Fakernet/SAMIDARE/samidare.runs/top_block_axi_bram_ctrl_1_0_synth_1/dont_touch.xdc]
Completed Processing XDC Constraints

Netlist sorting complete. Time (s): cpu = 00:00:00 ; elapsed = 00:00:00 . Memory (MB): peak = 2391.500 ; gain = 0.000 ; free physical = 12064 ; free virtual = 34960
INFO: [Project 1-111] Unisim Transformation Summary:
No Unisim elements were transformed.

Constraint Validation Runtime : Time (s): cpu = 00:00:00 ; elapsed = 00:00:00.01 . Memory (MB): peak = 2391.500 ; gain = 0.000 ; free physical = 12060 ; free virtual = 34956
INFO: [Designutils 20-5008] Incremental synthesis strategy off
INFO: [Synth 8-11241] undeclared symbol 'REGCCE', assumed default net type 'wire' [/opt/Xilinx/Vivado/2022.2/data/verilog/src/unimacro/BRAM_SINGLE_MACRO.v:2170]
---------------------------------------------------------------------------------
Finished Constraint Validation : Time (s): cpu = 00:00:08 ; elapsed = 00:00:08 . Memory (MB): peak = 2391.500 ; gain = 607.227 ; free physical = 11973 ; free virtual = 34870
Synthesis current peak Physical Memory [PSS] (MB): peak = 1365.367; parent = 1233.948; children = 131.419
Synthesis current peak Virtual Memory [VSS] (MB): peak = 3327.992; parent = 2359.488; children = 968.504
---------------------------------------------------------------------------------
---------------------------------------------------------------------------------
Start Loading Part and Timing Information
---------------------------------------------------------------------------------
Loading part: xcau15p-sbvb484-1-i
INFO: [Synth 8-6742] Reading net delay rules and data
---------------------------------------------------------------------------------
Finished Loading Part and Timing Information : Time (s): cpu = 00:00:08 ; elapsed = 00:00:08 . Memory (MB): peak = 2391.500 ; gain = 607.227 ; free physical = 11973 ; free virtual = 34870
Synthesis current peak Physical Memory [PSS] (MB): peak = 1365.367; parent = 1233.948; children = 131.419
Synthesis current peak Virtual Memory [VSS] (MB): peak = 3327.992; parent = 2359.488; children = 968.504
---------------------------------------------------------------------------------
---------------------------------------------------------------------------------
Start Applying 'set_property' XDC Constraints
---------------------------------------------------------------------------------
Applied set_property KEEP_HIERARCHY = SOFT for U0. (constraint file  /home/nagafusa/work/spadi/Fakernet/SAMIDARE/samidare.runs/top_block_axi_bram_ctrl_1_0_synth_1/dont_touch.xdc, line 9).
---------------------------------------------------------------------------------
Finished applying 'set_property' XDC Constraints : Time (s): cpu = 00:00:08 ; elapsed = 00:00:08 . Memory (MB): peak = 2391.500 ; gain = 607.227 ; free physical = 11995 ; free virtual = 34892
Synthesis current peak Physical Memory [PSS] (MB): peak = 1365.367; parent = 1233.948; children = 131.419
Synthesis current peak Virtual Memory [VSS] (MB): peak = 3327.992; parent = 2359.488; children = 968.504
---------------------------------------------------------------------------------
INFO: [Synth 8-802] inferred FSM for state register 'GEN_NO_RD_CMD_OPT.lite_sm_cs_reg' in module 'axi_lite'
---------------------------------------------------------------------------------------------------
                   State |                     New Encoding |                Previous Encoding 
---------------------------------------------------------------------------------------------------
                    idle |                           000001 |                              000
             sng_wr_data |                           100000 |                              011
                 rd_data |                           010000 |                              100
---------------------------------------------------------------------------------------------------
INFO: [Synth 8-3354] encoded FSM with state register 'GEN_NO_RD_CMD_OPT.lite_sm_cs_reg' using encoding 'one-hot' in module 'axi_lite'
---------------------------------------------------------------------------------
Finished RTL Optimization Phase 2 : Time (s): cpu = 00:00:08 ; elapsed = 00:00:08 . Memory (MB): peak = 2391.500 ; gain = 607.227 ; free physical = 11993 ; free virtual = 34891
Synthesis current peak Physical Memory [PSS] (MB): peak = 1365.367; parent = 1233.948; children = 131.419
Synthesis current peak Virtual Memory [VSS] (MB): peak = 3327.992; parent = 2359.488; children = 968.504
---------------------------------------------------------------------------------
---------------------------------------------------------------------------------
Start RTL Component Statistics 
---------------------------------------------------------------------------------
Detailed RTL Component Info : 
+---Adders : 
	   2 Input    3 Bit       Adders := 1     
+---Registers : 
	                3 Bit    Registers := 1     
	                1 Bit    Registers := 8     
+---Muxes : 
	   3 Input    6 Bit        Muxes := 1     
	   2 Input    6 Bit        Muxes := 2     
	   2 Input    4 Bit        Muxes := 2     
	   3 Input    4 Bit        Muxes := 1     
	   2 Input    2 Bit        Muxes := 1     
	   2 Input    1 Bit        Muxes := 17    
	   3 Input    1 Bit        Muxes := 4     
---------------------------------------------------------------------------------
Finished RTL Component Statistics 
---------------------------------------------------------------------------------
---------------------------------------------------------------------------------
Start Part Resource Summary
---------------------------------------------------------------------------------
Part Resources:
DSPs: 576 (col length:72)
BRAMs: 288 (col length: RAMB18 72 RAMB36 36)
---------------------------------------------------------------------------------
Finished Part Resource Summary
---------------------------------------------------------------------------------
---------------------------------------------------------------------------------
Start Cross Boundary and Area Optimization
---------------------------------------------------------------------------------
WARNING: [Synth 8-7080] Parallel synthesis criteria is not met
INFO: [Synth 8-3332] Sequential element (gext_inst.abcv4_0_ext_inst/GEN_AXI4LITE.I_AXI_LITE/FSM_onehot_GEN_NO_RD_CMD_OPT.lite_sm_cs_reg[3]) is unused and will be removed from module axi_bram_ctrl.
INFO: [Synth 8-3332] Sequential element (gext_inst.abcv4_0_ext_inst/GEN_AXI4LITE.I_AXI_LITE/FSM_onehot_GEN_NO_RD_CMD_OPT.lite_sm_cs_reg[2]) is unused and will be removed from module axi_bram_ctrl.
INFO: [Synth 8-3332] Sequential element (gext_inst.abcv4_0_ext_inst/GEN_AXI4LITE.I_AXI_LITE/FSM_onehot_GEN_NO_RD_CMD_OPT.lite_sm_cs_reg[1]) is unused and will be removed from module axi_bram_ctrl.
---------------------------------------------------------------------------------
Finished Cross Boundary and Area Optimization : Time (s): cpu = 00:00:08 ; elapsed = 00:00:09 . Memory (MB): peak = 2391.500 ; gain = 607.227 ; free physical = 11939 ; free virtual = 34841
Synthesis current peak Physical Memory [PSS] (MB): peak = 1365.367; parent = 1233.948; children = 131.419
Synthesis current peak Virtual Memory [VSS] (MB): peak = 3327.992; parent = 2359.488; children = 968.504
---------------------------------------------------------------------------------
---------------------------------------------------------------------------------
Start Applying XDC Timing Constraints
---------------------------------------------------------------------------------
---------------------------------------------------------------------------------
Finished Applying XDC Timing Constraints : Time (s): cpu = 00:00:10 ; elapsed = 00:00:11 . Memory (MB): peak = 2438.242 ; gain = 653.969 ; free physical = 12379 ; free virtual = 35272
Synthesis current peak Physical Memory [PSS] (MB): peak = 1553.788; parent = 1419.095; children = 134.700
Synthesis current peak Virtual Memory [VSS] (MB): peak = 3406.750; parent = 2438.246; children = 968.504
---------------------------------------------------------------------------------
---------------------------------------------------------------------------------
Start Timing Optimization
---------------------------------------------------------------------------------
---------------------------------------------------------------------------------
Finished Timing Optimization : Time (s): cpu = 00:00:10 ; elapsed = 00:00:11 . Memory (MB): peak = 2438.242 ; gain = 653.969 ; free physical = 12352 ; free virtual = 35245
Synthesis current peak Physical Memory [PSS] (MB): peak = 1556.538; parent = 1421.847; children = 134.700
Synthesis current peak Virtual Memory [VSS] (MB): peak = 3406.750; parent = 2438.246; children = 968.504
---------------------------------------------------------------------------------
---------------------------------------------------------------------------------
Start Technology Mapping
---------------------------------------------------------------------------------
---------------------------------------------------------------------------------
Finished Technology Mapping : Time (s): cpu = 00:00:10 ; elapsed = 00:00:11 . Memory (MB): peak = 2438.242 ; gain = 653.969 ; free physical = 12336 ; free virtual = 35230
Synthesis current peak Physical Memory [PSS] (MB): peak = 1556.640; parent = 1421.949; children = 134.700
Synthesis current peak Virtual Memory [VSS] (MB): peak = 3406.750; parent = 2438.246; children = 968.504
---------------------------------------------------------------------------------
---------------------------------------------------------------------------------
Start IO Insertion
---------------------------------------------------------------------------------
---------------------------------------------------------------------------------
Start Flattening Before IO Insertion
---------------------------------------------------------------------------------
---------------------------------------------------------------------------------
Finished Flattening Before IO Insertion
---------------------------------------------------------------------------------
---------------------------------------------------------------------------------
Start Final Netlist Cleanup
---------------------------------------------------------------------------------
---------------------------------------------------------------------------------
Finished Final Netlist Cleanup
---------------------------------------------------------------------------------
---------------------------------------------------------------------------------
Finished IO Insertion : Time (s): cpu = 00:00:11 ; elapsed = 00:00:12 . Memory (MB): peak = 2441.211 ; gain = 656.938 ; free physical = 12278 ; free virtual = 35175
Synthesis current peak Physical Memory [PSS] (MB): peak = 1556.640; parent = 1421.949; children = 134.700
Synthesis current peak Virtual Memory [VSS] (MB): peak = 3409.719; parent = 2441.215; children = 968.504
---------------------------------------------------------------------------------
---------------------------------------------------------------------------------
Start Renaming Generated Instances
---------------------------------------------------------------------------------
---------------------------------------------------------------------------------
Finished Renaming Generated Instances : Time (s): cpu = 00:00:11 ; elapsed = 00:00:13 . Memory (MB): peak = 2441.211 ; gain = 656.938 ; free physical = 12273 ; free virtual = 35170
Synthesis current peak Physical Memory [PSS] (MB): peak = 1556.640; parent = 1421.949; children = 134.700
Synthesis current peak Virtual Memory [VSS] (MB): peak = 3409.719; parent = 2441.215; children = 968.504
---------------------------------------------------------------------------------
---------------------------------------------------------------------------------
Start Rebuilding User Hierarchy
---------------------------------------------------------------------------------
---------------------------------------------------------------------------------
Finished Rebuilding User Hierarchy : Time (s): cpu = 00:00:11 ; elapsed = 00:00:13 . Memory (MB): peak = 2441.211 ; gain = 656.938 ; free physical = 12258 ; free virtual = 35163
Synthesis current peak Physical Memory [PSS] (MB): peak = 1556.640; parent = 1421.949; children = 134.700
Synthesis current peak Virtual Memory [VSS] (MB): peak = 3409.719; parent = 2441.215; children = 968.504
---------------------------------------------------------------------------------
---------------------------------------------------------------------------------
Start Renaming Generated Ports
---------------------------------------------------------------------------------
---------------------------------------------------------------------------------
Finished Renaming Generated Ports : Time (s): cpu = 00:00:11 ; elapsed = 00:00:13 . Memory (MB): peak = 2441.211 ; gain = 656.938 ; free physical = 12270 ; free virtual = 35166
Synthesis current peak Physical Memory [PSS] (MB): peak = 1556.640; parent = 1421.949; children = 134.700
Synthesis current peak Virtual Memory [VSS] (MB): peak = 3409.719; parent = 2441.215; children = 968.504
---------------------------------------------------------------------------------
---------------------------------------------------------------------------------
Start Handling Custom Attributes
---------------------------------------------------------------------------------
---------------------------------------------------------------------------------
Finished Handling Custom Attributes : Time (s): cpu = 00:00:11 ; elapsed = 00:00:13 . Memory (MB): peak = 2441.211 ; gain = 656.938 ; free physical = 12265 ; free virtual = 35162
Synthesis current peak Physical Memory [PSS] (MB): peak = 1556.640; parent = 1421.949; children = 134.700
Synthesis current peak Virtual Memory [VSS] (MB): peak = 3409.719; parent = 2441.215; children = 968.504
---------------------------------------------------------------------------------
---------------------------------------------------------------------------------
Start Renaming Generated Nets
---------------------------------------------------------------------------------
---------------------------------------------------------------------------------
Finished Renaming Generated Nets : Time (s): cpu = 00:00:11 ; elapsed = 00:00:13 . Memory (MB): peak = 2441.211 ; gain = 656.938 ; free physical = 12251 ; free virtual = 35148
Synthesis current peak Physical Memory [PSS] (MB): peak = 1556.640; parent = 1421.949; children = 134.700
Synthesis current peak Virtual Memory [VSS] (MB): peak = 3409.719; parent = 2441.215; children = 968.504
---------------------------------------------------------------------------------
---------------------------------------------------------------------------------
Start Writing Synthesis Report
---------------------------------------------------------------------------------

Report BlackBoxes: 
+-+--------------+----------+
| |BlackBox name |Instances |
+-+--------------+----------+
+-+--------------+----------+

Report Cell Usage: 
+------+-----+------+
|      |Cell |Count |
+------+-----+------+
|1     |LUT1 |     2|
|2     |LUT2 |     2|
|3     |LUT3 |     8|
|4     |LUT5 |     3|
|5     |LUT6 |    20|
|6     |FDRE |    11|
|7     |FDSE |     1|
+------+-----+------+
---------------------------------------------------------------------------------
Finished Writing Synthesis Report : Time (s): cpu = 00:00:11 ; elapsed = 00:00:13 . Memory (MB): peak = 2441.211 ; gain = 656.938 ; free physical = 12226 ; free virtual = 35130
Synthesis current peak Physical Memory [PSS] (MB): peak = 1556.640; parent = 1421.949; children = 134.700
Synthesis current peak Virtual Memory [VSS] (MB): peak = 3409.719; parent = 2441.215; children = 968.504
---------------------------------------------------------------------------------
Synthesis finished with 0 errors, 0 critical warnings and 181 warnings.
Synthesis Optimization Runtime : Time (s): cpu = 00:00:08 ; elapsed = 00:00:09 . Memory (MB): peak = 2441.211 ; gain = 511.188 ; free physical = 12230 ; free virtual = 35129
Synthesis Optimization Complete : Time (s): cpu = 00:00:11 ; elapsed = 00:00:13 . Memory (MB): peak = 2441.219 ; gain = 656.938 ; free physical = 12219 ; free virtual = 35117
INFO: [Project 1-571] Translating synthesized netlist
Netlist sorting complete. Time (s): cpu = 00:00:00 ; elapsed = 00:00:00 . Memory (MB): peak = 2452.117 ; gain = 0.000 ; free physical = 12302 ; free virtual = 35200
INFO: [Project 1-570] Preparing netlist for logic optimization
INFO: [Opt 31-138] Pushed 0 inverter(s) to 0 load pin(s).
Netlist sorting complete. Time (s): cpu = 00:00:00 ; elapsed = 00:00:00 . Memory (MB): peak = 2495.941 ; gain = 0.000 ; free physical = 12242 ; free virtual = 35140
INFO: [Project 1-111] Unisim Transformation Summary:
No Unisim elements were transformed.

Synth Design complete, checksum: 32b5bb5e
INFO: [Common 17-83] Releasing license: Synthesis
32 Infos, 104 Warnings, 0 Critical Warnings and 0 Errors encountered.
synth_design completed successfully
synth_design: Time (s): cpu = 00:00:15 ; elapsed = 00:00:15 . Memory (MB): peak = 2495.941 ; gain = 1173.859 ; free physical = 12430 ; free virtual = 35330
INFO: [Common 17-600] The following parameters have non-default value.
tcl.collectionResultDisplayLimit
INFO: [Common 17-1381] The checkpoint '/home/nagafusa/work/spadi/Fakernet/SAMIDARE/samidare.runs/top_block_axi_bram_ctrl_1_0_synth_1/top_block_axi_bram_ctrl_1_0.dcp' has been generated.
INFO: [Coretcl 2-1648] Added synthesis output to IP cache for IP top_block_axi_bram_ctrl_1_0, cache-ID = a0b435d57df9a541
INFO: [Coretcl 2-1174] Renamed 3 cell refs.
INFO: [Common 17-1381] The checkpoint '/home/nagafusa/work/spadi/Fakernet/SAMIDARE/samidare.runs/top_block_axi_bram_ctrl_1_0_synth_1/top_block_axi_bram_ctrl_1_0.dcp' has been generated.
INFO: [runtcl-4] Executing : report_utilization -file top_block_axi_bram_ctrl_1_0_utilization_synth.rpt -pb top_block_axi_bram_ctrl_1_0_utilization_synth.pb
INFO: [Common 17-206] Exiting Vivado at Fri Jul  5 11:52:25 2024...
